Start testing: Jun 19 02:06 Hora est. Pacífico, Sudamérica
----------------------------------------------------------
1/1 Testing: serial_test
1/1 Test: serial_test
Command: "C:/Users/jefy_/Downloads/AdmisionTech/backend/build/test_serial.exe"
Directory: C:/Users/jefy_/Downloads/AdmisionTech/backend/build
"serial_test" start time: Jun 19 02:06 Hora est. Pacífico, Sudamérica
Output:
----------------------------------------------------------
<end of output>
Test time =   3.51 sec
----------------------------------------------------------
Test Passed.
"serial_test" end time: Jun 19 02:06 Hora est. Pacífico, Sudamérica
"serial_test" time elapsed: 00:00:03
----------------------------------------------------------

End testing: Jun 19 02:06 Hora est. Pacífico, Sudamérica
