Start testing: Jun 21 00:24 Hora est. Pacífico, Sudamérica
----------------------------------------------------------
1/1 Testing: serial_test
1/1 Test: serial_test
Command: "C:/Users/jefy_/Downloads/AdmisionTech/build/backend/Debug/test_serial.exe"
Directory: C:/Users/jefy_/Downloads/AdmisionTech/build/backend
"serial_test" start time: Jun 21 00:24 Hora est. Pacífico, Sudamérica
Output:
----------------------------------------------------------
<end of output>
Test time =   2.13 sec
----------------------------------------------------------
Test Passed.
"serial_test" end time: Jun 21 00:24 Hora est. Pacífico, Sudamérica
"serial_test" time elapsed: 00:00:02
----------------------------------------------------------

End testing: Jun 21 00:24 Hora est. Pacífico, Sudamérica
